<?xml version="1.0" encoding="UTF-8"?>
<!-- Generated by org.testng.reporters.JUnitXMLReporter -->
<testsuite ignored="0" hostname="Rakshitas-MacBook-Pro.local" failures="3" tests="4" name="Surefire test" time="4.68" errors="0" timestamp="2025-02-08T15:32:49 IST">
  <testcase classname="GoogleApi.GoogleApiTest" name="testAddPlace" time="4.079"/>
  <testcase classname="POJO_Serialize.SpecBuilderTest" name="serialization" time="0.077">
    <failure type="java.lang.NoClassDefFoundError" message="com/fasterxml/jackson/core/exc/StreamWriteException">
      <![CDATA[java.lang.NoClassDefFoundError: com/fasterxml/jackson/core/exc/StreamWriteException
at java.base/java.lang.Class.getDeclaredMethods0(Native Method)
at java.base/java.lang.Class.privateGetDeclaredMethods(Class.java:3402)
at java.base/java.lang.Class.privateGetPublicMethods(Class.java:3427)
at java.base/java.lang.Class.getMethods(Class.java:2019)
at java.desktop/com.sun.beans.introspect.MethodInfo.get(MethodInfo.java:70)
at java.desktop/com.sun.beans.introspect.ClassInfo.getMethods(ClassInfo.java:80)
at java.desktop/java.beans.Introspector.getTargetMethodInfo(Introspector.java:1029)
at java.desktop/java.beans.Introspector.getBeanInfo(Introspector.java:446)
at java.desktop/java.beans.Introspector.getBeanInfo(Introspector.java:195)
at groovy.lang.MetaClassImpl.lambda$addProperties$4(MetaClassImpl.java:3460)
at java.base/java.security.AccessController.doPrivileged(AccessController.java:569)
at groovy.lang.MetaClassImpl.addProperties(MetaClassImpl.java:3460)
at groovy.lang.MetaClassImpl.reinitialize(MetaClassImpl.java:3442)
at groovy.lang.MetaClassImpl.initialize(MetaClassImpl.java:3435)
at org.codehaus.groovy.runtime.metaclass.MetaClassRegistryImpl.getMetaClass(MetaClassRegistryImpl.java:262)
at org.codehaus.groovy.runtime.InvokerHelper.getMetaClass(InvokerHelper.java:983)
at org.codehaus.groovy.runtime.callsite.CallSiteArray.createPojoSite(CallSiteArray.java:116)
at org.codehaus.groovy.runtime.callsite.CallSiteArray.createCallSite(CallSiteArray.java:160)
at org.codehaus.groovy.runtime.callsite.CallSiteArray.defaultCall(CallSiteArray.java:47)
at org.codehaus.groovy.runtime.callsite.AbstractCallSite.call(AbstractCallSite.java:125)
at org.codehaus.groovy.runtime.callsite.AbstractCallSite.call(AbstractCallSite.java:130)
at io.restassured.internal.mapping.Jackson2Mapper.serialize(Jackson2Mapper.groovy:52)
at io.restassured.internal.mapping.Jackson2Mapper.serialize(Jackson2Mapper.groovy)
at io.restassured.mapper.ObjectMapper$serialize.call(Unknown Source)
at org.codehaus.groovy.runtime.callsite.CallSiteArray.defaultCall(CallSiteArray.java:47)
at org.codehaus.groovy.runtime.callsite.AbstractCallSite.call(AbstractCallSite.java:125)
at org.codehaus.groovy.runtime.callsite.AbstractCallSite.call(AbstractCallSite.java:139)
at io.restassured.internal.mapping.ObjectMapping.serializeWithJackson2(ObjectMapping.groovy:209)
at org.codehaus.groovy.runtime.callsite.StaticMetaMethodSite$StaticMetaMethodSiteNoUnwrapNoCoerce.invoke(StaticMetaMethodSite.java:149)
at org.codehaus.groovy.runtime.callsite.StaticMetaMethodSite.callStatic(StaticMetaMethodSite.java:100)
at org.codehaus.groovy.runtime.callsite.CallSiteArray.defaultCallStatic(CallSiteArray.java:55)
at org.codehaus.groovy.runtime.callsite.AbstractCallSite.callStatic(AbstractCallSite.java:217)
at org.codehaus.groovy.runtime.callsite.AbstractCallSite.callStatic(AbstractCallSite.java:240)
at io.restassured.internal.mapping.ObjectMapping.serialize(ObjectMapping.groovy:150)
at io.restassured.internal.mapping.ObjectMapping$serialize.call(Unknown Source)
at org.codehaus.groovy.runtime.callsite.CallSiteArray.defaultCall(CallSiteArray.java:47)
at org.codehaus.groovy.runtime.callsite.AbstractCallSite.call(AbstractCallSite.java:125)
at io.restassured.internal.RequestSpecificationImpl.body(RequestSpecificationImpl.groovy:753)
at POJO_Serialize.SpecBuilderTest.serialization(SpecBuilderTest.java:47)
at java.base/java.util.ArrayList.forEach(ArrayList.java:1511)
Caused by: java.lang.ClassNotFoundException: com.fasterxml.jackson.core.exc.StreamWriteException
... 80 more
... Removed 40 stack frames]]>
    </failure>
  </testcase> <!-- serialization -->
  <testcase classname="POJO_Serialize.SerializeTest" name="serialization" time="0.001">
    <failure type="java.lang.NoClassDefFoundError" message="com/fasterxml/jackson/core/exc/StreamWriteException">
      <![CDATA[java.lang.NoClassDefFoundError: com/fasterxml/jackson/core/exc/StreamWriteException
at java.base/java.lang.Class.getDeclaredMethods0(Native Method)
at java.base/java.lang.Class.privateGetDeclaredMethods(Class.java:3402)
at java.base/java.lang.Class.privateGetPublicMethods(Class.java:3427)
at java.base/java.lang.Class.getMethods(Class.java:2019)
at java.desktop/com.sun.beans.introspect.MethodInfo.get(MethodInfo.java:70)
at java.desktop/com.sun.beans.introspect.ClassInfo.getMethods(ClassInfo.java:80)
at java.desktop/java.beans.Introspector.getTargetMethodInfo(Introspector.java:1029)
at java.desktop/java.beans.Introspector.getBeanInfo(Introspector.java:446)
at java.desktop/java.beans.Introspector.getBeanInfo(Introspector.java:195)
at groovy.lang.MetaClassImpl.lambda$addProperties$4(MetaClassImpl.java:3460)
at java.base/java.security.AccessController.doPrivileged(AccessController.java:569)
at groovy.lang.MetaClassImpl.addProperties(MetaClassImpl.java:3460)
at groovy.lang.MetaClassImpl.reinitialize(MetaClassImpl.java:3442)
at groovy.lang.MetaClassImpl.initialize(MetaClassImpl.java:3435)
at org.codehaus.groovy.runtime.metaclass.MetaClassRegistryImpl.getMetaClass(MetaClassRegistryImpl.java:262)
at org.codehaus.groovy.runtime.InvokerHelper.getMetaClass(InvokerHelper.java:983)
at org.codehaus.groovy.runtime.callsite.CallSiteArray.createPojoSite(CallSiteArray.java:116)
at org.codehaus.groovy.runtime.callsite.CallSiteArray.createCallSite(CallSiteArray.java:160)
at org.codehaus.groovy.runtime.callsite.CallSiteArray.defaultCall(CallSiteArray.java:47)
at org.codehaus.groovy.runtime.callsite.AbstractCallSite.call(AbstractCallSite.java:125)
at org.codehaus.groovy.runtime.callsite.AbstractCallSite.call(AbstractCallSite.java:130)
at io.restassured.internal.mapping.Jackson2Mapper.serialize(Jackson2Mapper.groovy:52)
at io.restassured.internal.mapping.Jackson2Mapper.serialize(Jackson2Mapper.groovy)
at io.restassured.mapper.ObjectMapper$serialize.call(Unknown Source)
at io.restassured.internal.mapping.ObjectMapping.serializeWithJackson2(ObjectMapping.groovy:209)
at org.codehaus.groovy.runtime.callsite.StaticMetaMethodSite$StaticMetaMethodSiteNoUnwrapNoCoerce.invoke(StaticMetaMethodSite.java:149)
at org.codehaus.groovy.runtime.callsite.StaticMetaMethodSite.callStatic(StaticMetaMethodSite.java:100)
at org.codehaus.groovy.runtime.callsite.AbstractCallSite.callStatic(AbstractCallSite.java:240)
at io.restassured.internal.mapping.ObjectMapping.serialize(ObjectMapping.groovy:150)
at io.restassured.internal.mapping.ObjectMapping$serialize.call(Unknown Source)
at io.restassured.internal.RequestSpecificationImpl.body(RequestSpecificationImpl.groovy:753)
at POJO_Serialize.SerializeTest.serialization(SerializeTest.java:36)
at java.base/java.util.ArrayList.forEach(ArrayList.java:1511)
Caused by: java.lang.ClassNotFoundException: com.fasterxml.jackson.core.exc.StreamWriteException
... 73 more
... Removed 40 stack frames]]>
    </failure>
  </testcase> <!-- serialization -->
  <testcase classname="POJO_Deserialize.OAuthTest" name="testOAuth2_0" time="0.507">
    <failure type="java.lang.NoClassDefFoundError" message="com/fasterxml/jackson/core/exc/StreamWriteException">
      <![CDATA[java.lang.NoClassDefFoundError: com/fasterxml/jackson/core/exc/StreamWriteException
at java.base/java.lang.Class.getDeclaredMethods0(Native Method)
at java.base/java.lang.Class.privateGetDeclaredMethods(Class.java:3402)
at java.base/java.lang.Class.privateGetPublicMethods(Class.java:3427)
at java.base/java.lang.Class.getMethods(Class.java:2019)
at java.desktop/com.sun.beans.introspect.MethodInfo.get(MethodInfo.java:70)
at java.desktop/com.sun.beans.introspect.ClassInfo.getMethods(ClassInfo.java:80)
at java.desktop/java.beans.Introspector.getTargetMethodInfo(Introspector.java:1029)
at java.desktop/java.beans.Introspector.getBeanInfo(Introspector.java:446)
at java.desktop/java.beans.Introspector.getBeanInfo(Introspector.java:195)
at groovy.lang.MetaClassImpl.lambda$addProperties$4(MetaClassImpl.java:3460)
at java.base/java.security.AccessController.doPrivileged(AccessController.java:569)
at groovy.lang.MetaClassImpl.addProperties(MetaClassImpl.java:3460)
at groovy.lang.MetaClassImpl.reinitialize(MetaClassImpl.java:3442)
at groovy.lang.MetaClassImpl.initialize(MetaClassImpl.java:3435)
at org.codehaus.groovy.runtime.metaclass.MetaClassRegistryImpl.getMetaClass(MetaClassRegistryImpl.java:262)
at org.codehaus.groovy.runtime.InvokerHelper.getMetaClass(InvokerHelper.java:983)
at org.codehaus.groovy.runtime.callsite.CallSiteArray.createPojoSite(CallSiteArray.java:116)
at org.codehaus.groovy.runtime.callsite.CallSiteArray.createCallSite(CallSiteArray.java:160)
at org.codehaus.groovy.runtime.callsite.CallSiteArray.defaultCall(CallSiteArray.java:47)
at org.codehaus.groovy.runtime.callsite.AbstractCallSite.call(AbstractCallSite.java:125)
at org.codehaus.groovy.runtime.callsite.AbstractCallSite.call(AbstractCallSite.java:139)
at io.restassured.internal.path.json.mapping.JsonPathJackson2ObjectDeserializer.deserialize(JsonPathJackson2ObjectDeserializer.groovy:45)
at io.restassured.path.json.mapping.JsonPathObjectDeserializer$deserialize.call(Unknown Source)
at org.codehaus.groovy.runtime.callsite.CallSiteArray.defaultCall(CallSiteArray.java:47)
at org.codehaus.groovy.runtime.callsite.AbstractCallSite.call(AbstractCallSite.java:125)
at org.codehaus.groovy.runtime.callsite.AbstractCallSite.call(AbstractCallSite.java:139)
at io.restassured.internal.mapping.Jackson2Mapper.deserialize(Jackson2Mapper.groovy:58)
at io.restassured.mapper.ObjectMapper$deserialize$0.call(Unknown Source)
at org.codehaus.groovy.runtime.callsite.CallSiteArray.defaultCall(CallSiteArray.java:47)
at org.codehaus.groovy.runtime.callsite.AbstractCallSite.call(AbstractCallSite.java:125)
at org.codehaus.groovy.runtime.callsite.AbstractCallSite.call(AbstractCallSite.java:139)
at io.restassured.internal.mapping.ObjectMapping.parseWithJackson2(ObjectMapping.groovy:238)
at io.restassured.internal.mapping.ObjectMapping$parseWithJackson2$1.callStatic(Unknown Source)
at org.codehaus.groovy.runtime.callsite.CallSiteArray.defaultCallStatic(CallSiteArray.java:55)
at org.codehaus.groovy.runtime.callsite.AbstractCallSite.callStatic(AbstractCallSite.java:217)
at org.codehaus.groovy.runtime.callsite.AbstractCallSite.callStatic(AbstractCallSite.java:240)
at io.restassured.internal.mapping.ObjectMapping.deserialize(ObjectMapping.groovy:59)
at io.restassured.internal.mapping.ObjectMapping$deserialize$0.call(Unknown Source)
at org.codehaus.groovy.runtime.callsite.CallSiteArray.defaultCall(CallSiteArray.java:47)
at org.codehaus.groovy.runtime.callsite.AbstractCallSite.call(AbstractCallSite.java:125)
at io.restassured.internal.RestAssuredResponseOptionsGroovyImpl.as(RestAssuredResponseOptionsGroovyImpl.groovy:231)
at io.restassured.internal.RestAssuredResponseOptionsImpl.as(RestAssuredResponseOptionsImpl.java:169)
at POJO_Deserialize.OAuthTest.testOAuth2_0(OAuthTest.java:55)
at java.base/java.util.ArrayList.forEach(ArrayList.java:1511)
Caused by: java.lang.ClassNotFoundException: com.fasterxml.jackson.core.exc.StreamWriteException
... 79 more
... Removed 35 stack frames]]>
    </failure>
  </testcase> <!-- testOAuth2_0 -->
</testsuite> <!-- Surefire test -->
